<?xml version="1.0" encoding="UTF-8"?>
<!-- Generated by org.testng.reporters.JUnitReportReporter -->
<testsuite hostname="DESKTOP-NRO9H63" failures="0" tests="3" name="tests.HomePageTest" time="22.252" errors="0" timestamp="2021-06-26T23:50:44 IST" skipped="0">
  <testcase classname="tests.HomePageTest" name="verifyApplicationLogoDisplayed" time="3.361"/>
  <system-out/>
  <testcase classname="tests.HomePageTest" name="verifySaleAlertPromptMessageDisplayed" time="1.889"/>
  <system-out/>
  <testcase classname="tests.HomePageTest" name="navigateToLoginPage" time="17.002"/>
  <system-out/>
</testsuite> <!-- tests.HomePageTest -->
