<?xml version="1.0" encoding="UTF-8"?>
<!-- Generated by org.testng.reporters.JUnitReportReporter -->
<testsuite hostname="DESKTOP-NRO9H63" failures="0" tests="1" name="tests.BaseTest" time="0.004" errors="0" timestamp="2021-06-26T11:55:51 IST" skipped="0">
  <testcase classname="tests.BaseTest" name="tset" time="0.004"/>
  <system-out/>
</testsuite> <!-- tests.BaseTest -->
